2020-02-07 16:15:41.031  INFO 9240 --- [main] com.daza.code.elk.ElkApplication         : Starting ElkApplication on EN2010088 with PID 9240 (started by Luis.Daza in C:\General\My things\Programming courses\MyTests)
2020-02-07 16:15:41.036  INFO 9240 --- [main] com.daza.code.elk.ElkApplication         : No active profile set, falling back to default profiles: default
2020-02-07 16:15:42.691  INFO 9240 --- [main] o.s.b.w.embedded.tomcat.TomcatWebServer  : Tomcat initialized with port(s): 8080 (http)
2020-02-07 16:15:42.703  INFO 9240 --- [main] o.apache.catalina.core.StandardService   : Starting service [Tomcat]
2020-02-07 16:15:42.706  INFO 9240 --- [main] org.apache.catalina.core.StandardEngine  : Starting Servlet engine: [Apache Tomcat/9.0.30]
2020-02-07 16:15:42.834  INFO 9240 --- [main] o.a.c.c.C.[Tomcat].[localhost].[/]       : Initializing Spring embedded WebApplicationContext
2020-02-07 16:15:42.834  INFO 9240 --- [main] o.s.web.context.ContextLoader            : Root WebApplicationContext: initialization completed in 1726 ms
2020-02-07 16:15:43.071  INFO 9240 --- [main] o.s.s.concurrent.ThreadPoolTaskExecutor  : Initializing ExecutorService 'applicationTaskExecutor'
2020-02-07 16:15:43.232  INFO 9240 --- [main] o.s.b.w.embedded.tomcat.TomcatWebServer  : Tomcat started on port(s): 8080 (http) with context path ''
2020-02-07 16:15:43.235  INFO 9240 --- [main] com.daza.code.elk.ElkApplication         : Started ElkApplication in 2.864 seconds (JVM running for 4.569)
2020-02-07 16:16:01.560  INFO 9240 --- [http-nio-8080-exec-1] o.a.c.c.C.[Tomcat].[localhost].[/]       : Initializing Spring DispatcherServlet 'dispatcherServlet'
2020-02-07 16:16:01.561  INFO 9240 --- [http-nio-8080-exec-1] o.s.web.servlet.DispatcherServlet        : Initializing Servlet 'dispatcherServlet'
2020-02-07 16:16:01.578  INFO 9240 --- [http-nio-8080-exec-1] o.s.web.servlet.DispatcherServlet        : Completed initialization in 16 ms
2020-02-07 16:16:01.703  INFO 9240 --- [http-nio-8080-exec-2] c.d.code.elk.controllers.TestController  : /elkdemo - &gt; Hello user ! Fri Feb 07 16:16:01 COT 2020
2020-02-07 16:16:01.743  INFO 9240 --- [http-nio-8080-exec-1] c.d.code.elk.controllers.TestController  : /elk - &gt; Hello user ! Fri Feb 07 16:16:01 COT 2020
2020-02-07 16:16:01.749 ERROR 9240 --- [http-nio-8080-exec-3] c.d.code.elk.controllers.TestController  : / by zero
2020-02-07 16:16:01.750 ERROR 9240 --- [http-nio-8080-exec-3] c.d.code.elk.controllers.TestController  : Exception As String :: - &gt; java.lang.ArithmeticException: / by zero
	at com.daza.code.elk.controllers.TestController.exception(TestController.java:60)
	at sun.reflect.NativeMethodAccessorImpl.invoke0(Native Method)
	at sun.reflect.NativeMethodAccessorImpl.invoke(NativeMethodAccessorImpl.java:62)
	at sun.reflect.DelegatingMethodAccessorImpl.invoke(DelegatingMethodAccessorImpl.java:43)
	at java.lang.reflect.Method.invoke(Method.java:498)
	at org.springframework.web.method.support.InvocableHandlerMethod.doInvoke(InvocableHandlerMethod.java:190)
	at org.springframework.web.method.support.InvocableHandlerMethod.invokeForRequest(InvocableHandlerMethod.java:138)
	at org.springframework.web.servlet.mvc.method.annotation.ServletInvocableHandlerMethod.invokeAndHandle(ServletInvocableHandlerMethod.java:106)
	at org.springframework.web.servlet.mvc.method.annotation.RequestMappingHandlerAdapter.invokeHandlerMethod(RequestMappingHandlerAdapter.java:888)
	at org.springframework.web.servlet.mvc.method.annotation.RequestMappingHandlerAdapter.handleInternal(RequestMappingHandlerAdapter.java:793)
	at org.springframework.web.servlet.mvc.method.AbstractHandlerMethodAdapter.handle(AbstractHandlerMethodAdapter.java:87)
	at org.springframework.web.servlet.DispatcherServlet.doDispatch(DispatcherServlet.java:1040)
	at org.springframework.web.servlet.DispatcherServlet.doService(DispatcherServlet.java:943)
	at org.springframework.web.servlet.FrameworkServlet.processRequest(FrameworkServlet.java:1006)
	at org.springframework.web.servlet.FrameworkServlet.doGet(FrameworkServlet.java:898)
	at javax.servlet.http.HttpServlet.service(HttpServlet.java:634)
	at org.springframework.web.servlet.FrameworkServlet.service(FrameworkServlet.java:883)
	at javax.servlet.http.HttpServlet.service(HttpServlet.java:741)
	at org.apache.catalina.core.ApplicationFilterChain.internalDoFilter(ApplicationFilterChain.java:231)
	at org.apache.catalina.core.ApplicationFilterChain.doFilter(ApplicationFilterChain.java:166)
	at org.apache.tomcat.websocket.server.WsFilter.doFilter(WsFilter.java:53)
	at org.apache.catalina.core.ApplicationFilterChain.internalDoFilter(ApplicationFilterChain.java:193)
	at org.apache.catalina.core.ApplicationFilterChain.doFilter(ApplicationFilterChain.java:166)
	at org.springframework.web.filter.RequestContextFilter.doFilterInternal(RequestContextFilter.java:100)
	at org.springframework.web.filter.OncePerRequestFilter.doFilter(OncePerRequestFilter.java:119)
	at org.apache.catalina.core.ApplicationFilterChain.internalDoFilter(ApplicationFilterChain.java:193)
	at org.apache.catalina.core.ApplicationFilterChain.doFilter(ApplicationFilterChain.java:166)
	at org.springframework.web.filter.FormContentFilter.doFilterInternal(FormContentFilter.java:93)
	at org.springframework.web.filter.OncePerRequestFilter.doFilter(OncePerRequestFilter.java:119)
	at org.apache.catalina.core.ApplicationFilterChain.internalDoFilter(ApplicationFilterChain.java:193)
	at org.apache.catalina.core.ApplicationFilterChain.doFilter(ApplicationFilterChain.java:166)
	at org.springframework.web.filter.CharacterEncodingFilter.doFilterInternal(CharacterEncodingFilter.java:201)
	at org.springframework.web.filter.OncePerRequestFilter.doFilter(OncePerRequestFilter.java:119)
	at org.apache.catalina.core.ApplicationFilterChain.internalDoFilter(ApplicationFilterChain.java:193)
	at org.apache.catalina.core.ApplicationFilterChain.doFilter(ApplicationFilterChain.java:166)
	at org.apache.catalina.core.StandardWrapperValve.invoke(StandardWrapperValve.java:202)
	at org.apache.catalina.core.StandardContextValve.invoke(StandardContextValve.java:96)
	at org.apache.catalina.authenticator.AuthenticatorBase.invoke(AuthenticatorBase.java:541)
	at org.apache.catalina.core.StandardHostValve.invoke(StandardHostValve.java:139)
	at org.apache.catalina.valves.ErrorReportValve.invoke(ErrorReportValve.java:92)
	at org.apache.catalina.core.StandardEngineValve.invoke(StandardEngineValve.java:74)
	at org.apache.catalina.connector.CoyoteAdapter.service(CoyoteAdapter.java:343)
	at org.apache.coyote.http11.Http11Processor.service(Http11Processor.java:367)
	at org.apache.coyote.AbstractProcessorLight.process(AbstractProcessorLight.java:65)
	at org.apache.coyote.AbstractProtocol$ConnectionHandler.process(AbstractProtocol.java:860)
	at org.apache.tomcat.util.net.NioEndpoint$SocketProcessor.doRun(NioEndpoint.java:1598)
	at org.apache.tomcat.util.net.SocketProcessorBase.run(SocketProcessorBase.java:49)
	at java.util.concurrent.ThreadPoolExecutor.runWorker(ThreadPoolExecutor.java:1149)
	at java.util.concurrent.ThreadPoolExecutor$Worker.run(ThreadPoolExecutor.java:624)
	at org.apache.tomcat.util.threads.TaskThread$WrappingRunnable.run(TaskThread.java:61)
	at java.lang.Thread.run(Thread.java:748)

2020-02-07 16:16:01.754  INFO 9240 --- [http-nio-8080-exec-1] c.d.code.elk.controllers.TestController  : /elk trying to print exception - &gt; java.lang.ArithmeticException: / by zero
	at com.daza.code.elk.controllers.TestController.exception(TestController.java:60)
	at sun.reflect.NativeMethodAccessorImpl.invoke0(Native Method)
	at sun.reflect.NativeMethodAccessorImpl.invoke(NativeMethodAccessorImpl.java:62)
	at sun.reflect.DelegatingMethodAccessorImpl.invoke(DelegatingMethodAccessorImpl.java:43)
	at java.lang.reflect.Method.invoke(Method.java:498)
	at org.springframework.web.method.support.InvocableHandlerMethod.doInvoke(InvocableHandlerMethod.java:190)
	at org.springframework.web.method.support.InvocableHandlerMethod.invokeForRequest(InvocableHandlerMethod.java:138)
	at org.springframework.web.servlet.mvc.method.annotation.ServletInvocableHandlerMethod.invokeAndHandle(ServletInvocableHandlerMethod.java:106)
	at org.springframework.web.servlet.mvc.method.annotation.RequestMappingHandlerAdapter.invokeHandlerMethod(RequestMappingHandlerAdapter.java:888)
	at org.springframework.web.servlet.mvc.method.annotation.RequestMappingHandlerAdapter.handleInternal(RequestMappingHandlerAdapter.java:793)
	at org.springframework.web.servlet.mvc.method.AbstractHandlerMethodAdapter.handle(AbstractHandlerMethodAdapter.java:87)
	at org.springframework.web.servlet.DispatcherServlet.doDispatch(DispatcherServlet.java:1040)
	at org.springframework.web.servlet.DispatcherServlet.doService(DispatcherServlet.java:943)
	at org.springframework.web.servlet.FrameworkServlet.processRequest(FrameworkServlet.java:1006)
	at org.springframework.web.servlet.FrameworkServlet.doGet(FrameworkServlet.java:898)
	at javax.servlet.http.HttpServlet.service(HttpServlet.java:634)
	at org.springframework.web.servlet.FrameworkServlet.service(FrameworkServlet.java:883)
	at javax.servlet.http.HttpServlet.service(HttpServlet.java:741)
	at org.apache.catalina.core.ApplicationFilterChain.internalDoFilter(ApplicationFilterChain.java:231)
	at org.apache.catalina.core.ApplicationFilterChain.doFilter(ApplicationFilterChain.java:166)
	at org.apache.tomcat.websocket.server.WsFilter.doFilter(WsFilter.java:53)
	at org.apache.catalina.core.ApplicationFilterChain.internalDoFilter(ApplicationFilterChain.java:193)
	at org.apache.catalina.core.ApplicationFilterChain.doFilter(ApplicationFilterChain.java:166)
	at org.springframework.web.filter.RequestContextFilter.doFilterInternal(RequestContextFilter.java:100)
	at org.springframework.web.filter.OncePerRequestFilter.doFilter(OncePerRequestFilter.java:119)
	at org.apache.catalina.core.ApplicationFilterChain.internalDoFilter(ApplicationFilterChain.java:193)
	at org.apache.catalina.core.ApplicationFilterChain.doFilter(ApplicationFilterChain.java:166)
	at org.springframework.web.filter.FormContentFilter.doFilterInternal(FormContentFilter.java:93)
	at org.springframework.web.filter.OncePerRequestFilter.doFilter(OncePerRequestFilter.java:119)
	at org.apache.catalina.core.ApplicationFilterChain.internalDoFilter(ApplicationFilterChain.java:193)
	at org.apache.catalina.core.ApplicationFilterChain.doFilter(ApplicationFilterChain.java:166)
	at org.springframework.web.filter.CharacterEncodingFilter.doFilterInternal(CharacterEncodingFilter.java:201)
	at org.springframework.web.filter.OncePerRequestFilter.doFilter(OncePerRequestFilter.java:119)
	at org.apache.catalina.core.ApplicationFilterChain.internalDoFilter(ApplicationFilterChain.java:193)
	at org.apache.catalina.core.ApplicationFilterChain.doFilter(ApplicationFilterChain.java:166)
	at org.apache.catalina.core.StandardWrapperValve.invoke(StandardWrapperValve.java:202)
	at org.apache.catalina.core.StandardContextValve.invoke(StandardContextValve.java:96)
	at org.apache.catalina.authenticator.AuthenticatorBase.invoke(AuthenticatorBase.java:541)
	at org.apache.catalina.core.StandardHostValve.invoke(StandardHostValve.java:139)
	at org.apache.catalina.valves.ErrorReportValve.invoke(ErrorReportValve.java:92)
	at org.apache.catalina.core.StandardEngineValve.invoke(StandardEngineValve.java:74)
	at org.apache.catalina.connector.CoyoteAdapter.service(CoyoteAdapter.java:343)
	at org.apache.coyote.http11.Http11Processor.service(Http11Processor.java:367)
	at org.apache.coyote.AbstractProcessorLight.process(AbstractProcessorLight.java:65)
	at org.apache.coyote.AbstractProtocol$ConnectionHandler.process(AbstractProtocol.java:860)
	at org.apache.tomcat.util.net.NioEndpoint$SocketProcessor.doRun(NioEndpoint.java:1598)
	at org.apache.tomcat.util.net.SocketProcessorBase.run(SocketProcessorBase.java:49)
	at java.util.concurrent.ThreadPoolExecutor.runWorker(ThreadPoolExecutor.java:1149)
	at java.util.concurrent.ThreadPoolExecutor$Worker.run(ThreadPoolExecutor.java:624)
	at org.apache.tomcat.util.threads.TaskThread$WrappingRunnable.run(TaskThread.java:61)
	at java.lang.Thread.run(Thread.java:748)

2020-02-07 16:19:31.183  INFO 20400 --- [main] com.daza.code.elk.ElkApplication         : Starting ElkApplication on EN2010088 with PID 20400 (started by Luis.Daza in C:\General\My things\Programming courses\MyTests)
2020-02-07 16:19:31.192  INFO 20400 --- [main] com.daza.code.elk.ElkApplication         : No active profile set, falling back to default profiles: default
2020-02-07 16:19:32.798  INFO 20400 --- [main] o.s.b.w.embedded.tomcat.TomcatWebServer  : Tomcat initialized with port(s): 8080 (http)
2020-02-07 16:19:32.813  INFO 20400 --- [main] o.apache.catalina.core.StandardService   : Starting service [Tomcat]
2020-02-07 16:19:32.813  INFO 20400 --- [main] org.apache.catalina.core.StandardEngine  : Starting Servlet engine: [Apache Tomcat/9.0.30]
2020-02-07 16:19:32.945  INFO 20400 --- [main] o.a.c.c.C.[Tomcat].[localhost].[/]       : Initializing Spring embedded WebApplicationContext
2020-02-07 16:19:32.946  INFO 20400 --- [main] o.s.web.context.ContextLoader            : Root WebApplicationContext: initialization completed in 1642 ms
2020-02-07 16:19:33.253  INFO 20400 --- [main] o.s.s.concurrent.ThreadPoolTaskExecutor  : Initializing ExecutorService 'applicationTaskExecutor'
2020-02-07 16:19:33.433  INFO 20400 --- [main] o.s.b.w.embedded.tomcat.TomcatWebServer  : Tomcat started on port(s): 8080 (http) with context path ''
2020-02-07 16:19:33.437  INFO 20400 --- [main] com.daza.code.elk.ElkApplication         : Started ElkApplication in 2.871 seconds (JVM running for 4.441)
2020-02-07 16:19:38.806  INFO 20400 --- [http-nio-8080-exec-1] o.a.c.c.C.[Tomcat].[localhost].[/]       : Initializing Spring DispatcherServlet 'dispatcherServlet'
2020-02-07 16:19:38.806  INFO 20400 --- [http-nio-8080-exec-1] o.s.web.servlet.DispatcherServlet        : Initializing Servlet 'dispatcherServlet'
2020-02-07 16:19:38.815  INFO 20400 --- [http-nio-8080-exec-1] o.s.web.servlet.DispatcherServlet        : Completed initialization in 8 ms
2020-02-07 16:19:38.893  INFO 20400 --- [http-nio-8080-exec-2] c.d.code.elk.controllers.TestController  : /elkdemo - &gt; Hello user ! Fri Feb 07 16:19:38 COT 2020
2020-02-07 16:19:38.925  INFO 20400 --- [http-nio-8080-exec-1] c.d.code.elk.controllers.TestController  : /elk - &gt; Hello user ! Fri Feb 07 16:19:38 COT 2020
2020-02-07 16:20:50.720  INFO 13480 --- [main] com.daza.code.elk.ElkApplication         : Starting ElkApplication on EN2010088 with PID 13480 (started by Luis.Daza in C:\General\My things\Programming courses\MyTests)
2020-02-07 16:20:50.724  INFO 13480 --- [main] com.daza.code.elk.ElkApplication         : No active profile set, falling back to default profiles: default
2020-02-07 16:20:52.163  INFO 13480 --- [main] o.s.b.w.embedded.tomcat.TomcatWebServer  : Tomcat initialized with port(s): 8080 (http)
2020-02-07 16:20:52.172  INFO 13480 --- [main] o.apache.catalina.core.StandardService   : Starting service [Tomcat]
2020-02-07 16:20:52.173  INFO 13480 --- [main] org.apache.catalina.core.StandardEngine  : Starting Servlet engine: [Apache Tomcat/9.0.30]
2020-02-07 16:20:52.284  INFO 13480 --- [main] o.a.c.c.C.[Tomcat].[localhost].[/]       : Initializing Spring embedded WebApplicationContext
2020-02-07 16:20:52.284  INFO 13480 --- [main] o.s.web.context.ContextLoader            : Root WebApplicationContext: initialization completed in 1452 ms
2020-02-07 16:20:52.553  INFO 13480 --- [main] o.s.s.concurrent.ThreadPoolTaskExecutor  : Initializing ExecutorService 'applicationTaskExecutor'
2020-02-07 16:20:52.771  INFO 13480 --- [main] o.s.b.w.embedded.tomcat.TomcatWebServer  : Tomcat started on port(s): 8080 (http) with context path ''
2020-02-07 16:20:52.775  INFO 13480 --- [main] com.daza.code.elk.ElkApplication         : Started ElkApplication in 2.691 seconds (JVM running for 4.366)
2020-02-07 16:20:55.920  INFO 13480 --- [http-nio-8080-exec-1] o.a.c.c.C.[Tomcat].[localhost].[/]       : Initializing Spring DispatcherServlet 'dispatcherServlet'
2020-02-07 16:20:55.920  INFO 13480 --- [http-nio-8080-exec-1] o.s.web.servlet.DispatcherServlet        : Initializing Servlet 'dispatcherServlet'
2020-02-07 16:20:55.928  INFO 13480 --- [http-nio-8080-exec-1] o.s.web.servlet.DispatcherServlet        : Completed initialization in 6 ms
2020-02-07 16:20:55.982  INFO 13480 --- [http-nio-8080-exec-2] c.d.code.elk.controllers.TestController  : /elkdemo - &gt; Hello user ! Fri Feb 07 16:20:55 COT 2020
2020-02-07 16:20:56.010  INFO 13480 --- [http-nio-8080-exec-1] c.d.code.elk.controllers.TestController  : /elk - &gt; Hello user ! Fri Feb 07 16:20:55 COT 2020
2020-02-07 16:22:37.882  INFO 8912 --- [main] com.daza.code.elk.ElkApplication         : Starting ElkApplication on EN2010088 with PID 8912 (started by Luis.Daza in C:\General\My things\Programming courses\MyTests)
2020-02-07 16:22:37.913  INFO 8912 --- [main] com.daza.code.elk.ElkApplication         : No active profile set, falling back to default profiles: default
2020-02-07 16:22:39.497  INFO 8912 --- [main] o.s.b.w.embedded.tomcat.TomcatWebServer  : Tomcat initialized with port(s): 8080 (http)
2020-02-07 16:22:39.512  INFO 8912 --- [main] o.apache.catalina.core.StandardService   : Starting service [Tomcat]
2020-02-07 16:22:39.516  INFO 8912 --- [main] org.apache.catalina.core.StandardEngine  : Starting Servlet engine: [Apache Tomcat/9.0.30]
2020-02-07 16:22:39.653  INFO 8912 --- [main] o.a.c.c.C.[Tomcat].[localhost].[/]       : Initializing Spring embedded WebApplicationContext
2020-02-07 16:22:39.654  INFO 8912 --- [main] o.s.web.context.ContextLoader            : Root WebApplicationContext: initialization completed in 1656 ms
2020-02-07 16:22:39.932  INFO 8912 --- [main] o.s.s.concurrent.ThreadPoolTaskExecutor  : Initializing ExecutorService 'applicationTaskExecutor'
2020-02-07 16:22:40.113  INFO 8912 --- [main] o.s.b.w.embedded.tomcat.TomcatWebServer  : Tomcat started on port(s): 8080 (http) with context path ''
2020-02-07 16:22:40.116  INFO 8912 --- [main] com.daza.code.elk.ElkApplication         : Started ElkApplication in 2.947 seconds (JVM running for 4.696)
2020-02-07 16:22:51.024  INFO 8912 --- [http-nio-8080-exec-1] o.a.c.c.C.[Tomcat].[localhost].[/]       : Initializing Spring DispatcherServlet 'dispatcherServlet'
2020-02-07 16:22:51.024  INFO 8912 --- [http-nio-8080-exec-1] o.s.web.servlet.DispatcherServlet        : Initializing Servlet 'dispatcherServlet'
2020-02-07 16:22:51.031  INFO 8912 --- [http-nio-8080-exec-1] o.s.web.servlet.DispatcherServlet        : Completed initialization in 6 ms
2020-02-07 16:22:51.085  INFO 8912 --- [http-nio-8080-exec-2] c.d.code.elk.controllers.TestController  : /elkdemo - &gt; Hello user ! Fri Feb 07 16:22:51 COT 2020
2020-02-07 16:22:51.111  INFO 8912 --- [http-nio-8080-exec-1] c.d.code.elk.controllers.TestController  : /elk - &gt; Hello user ! Fri Feb 07 16:22:51 COT 2020
2020-02-07 16:25:37.679  INFO 20132 --- [main] com.daza.code.elk.ElkApplication         : Starting ElkApplication on EN2010088 with PID 20132 (started by Luis.Daza in C:\General\My things\Programming courses\MyTests)
2020-02-07 16:25:37.685  INFO 20132 --- [main] com.daza.code.elk.ElkApplication         : No active profile set, falling back to default profiles: default
2020-02-07 16:25:39.052  INFO 20132 --- [main] o.s.b.w.embedded.tomcat.TomcatWebServer  : Tomcat initialized with port(s): 8080 (http)
2020-02-07 16:25:39.061  INFO 20132 --- [main] o.apache.catalina.core.StandardService   : Starting service [Tomcat]
2020-02-07 16:25:39.062  INFO 20132 --- [main] org.apache.catalina.core.StandardEngine  : Starting Servlet engine: [Apache Tomcat/9.0.30]
2020-02-07 16:25:39.166  INFO 20132 --- [main] o.a.c.c.C.[Tomcat].[localhost].[/]       : Initializing Spring embedded WebApplicationContext
2020-02-07 16:25:39.167  INFO 20132 --- [main] o.s.web.context.ContextLoader            : Root WebApplicationContext: initialization completed in 1381 ms
2020-02-07 16:25:39.476  INFO 20132 --- [main] o.s.s.concurrent.ThreadPoolTaskExecutor  : Initializing ExecutorService 'applicationTaskExecutor'
2020-02-07 16:25:39.733  INFO 20132 --- [main] o.s.b.w.embedded.tomcat.TomcatWebServer  : Tomcat started on port(s): 8080 (http) with context path ''
2020-02-07 16:25:39.738  INFO 20132 --- [main] com.daza.code.elk.ElkApplication         : Started ElkApplication in 2.707 seconds (JVM running for 4.25)
2020-02-07 16:25:45.235  INFO 20132 --- [http-nio-8080-exec-1] o.a.c.c.C.[Tomcat].[localhost].[/]       : Initializing Spring DispatcherServlet 'dispatcherServlet'
2020-02-07 16:25:45.235  INFO 20132 --- [http-nio-8080-exec-1] o.s.web.servlet.DispatcherServlet        : Initializing Servlet 'dispatcherServlet'
2020-02-07 16:25:45.241  INFO 20132 --- [http-nio-8080-exec-1] o.s.web.servlet.DispatcherServlet        : Completed initialization in 4 ms
2020-02-07 16:25:45.294  INFO 20132 --- [http-nio-8080-exec-2] c.d.code.elk.controllers.TestController  : /elkdemo - &gt; Hello user ! Fri Feb 07 16:25:45 COT 2020
2020-02-07 16:25:45.319  INFO 20132 --- [http-nio-8080-exec-1] c.d.code.elk.controllers.TestController  : /elk - &gt; Hello user ! Fri Feb 07 16:25:45 COT 2020
2020-02-07 17:01:02.345  INFO 20132 --- [http-nio-8080-exec-7] c.d.code.elk.controllers.TestController  : /elkdemo - &gt; Hello user ! Fri Feb 07 17:01:02 COT 2020
2020-02-07 17:01:02.348  INFO 20132 --- [http-nio-8080-exec-6] c.d.code.elk.controllers.TestController  : /elk - &gt; Hello user ! Fri Feb 07 17:01:02 COT 2020
2020-02-07 17:09:12.333  INFO 884 --- [main] com.daza.code.elk.ElkApplication         : Starting ElkApplication on EN2010088 with PID 884 (started by Luis.Daza in C:\General\My things\Programming courses\MyTests)
2020-02-07 17:09:12.342  INFO 884 --- [main] com.daza.code.elk.ElkApplication         : No active profile set, falling back to default profiles: default
2020-02-07 17:09:13.748  INFO 884 --- [main] o.s.b.w.embedded.tomcat.TomcatWebServer  : Tomcat initialized with port(s): 8080 (http)
2020-02-07 17:09:13.761  INFO 884 --- [main] o.apache.catalina.core.StandardService   : Starting service [Tomcat]
2020-02-07 17:09:13.762  INFO 884 --- [main] org.apache.catalina.core.StandardEngine  : Starting Servlet engine: [Apache Tomcat/9.0.30]
2020-02-07 17:09:13.898  INFO 884 --- [main] o.a.c.c.C.[Tomcat].[localhost].[/]       : Initializing Spring embedded WebApplicationContext
2020-02-07 17:09:13.899  INFO 884 --- [main] o.s.web.context.ContextLoader            : Root WebApplicationContext: initialization completed in 1482 ms
2020-02-07 17:09:14.132  INFO 884 --- [main] o.s.s.concurrent.ThreadPoolTaskExecutor  : Initializing ExecutorService 'applicationTaskExecutor'
2020-02-07 17:09:14.348  INFO 884 --- [main] o.s.b.w.embedded.tomcat.TomcatWebServer  : Tomcat started on port(s): 8080 (http) with context path ''
2020-02-07 17:09:14.352  INFO 884 --- [main] com.daza.code.elk.ElkApplication         : Started ElkApplication in 2.678 seconds (JVM running for 4.347)
2020-02-07 17:09:35.632  INFO 19436 --- [main] com.daza.code.elk.ElkApplication         : Starting ElkApplication on EN2010088 with PID 19436 (started by Luis.Daza in C:\General\My things\Programming courses\MyTests)
2020-02-07 17:09:35.637  INFO 19436 --- [main] com.daza.code.elk.ElkApplication         : No active profile set, falling back to default profiles: default
2020-02-07 17:09:36.890  INFO 19436 --- [main] o.s.b.w.embedded.tomcat.TomcatWebServer  : Tomcat initialized with port(s): 8080 (http)
2020-02-07 17:09:36.902  INFO 19436 --- [main] o.apache.catalina.core.StandardService   : Starting service [Tomcat]
2020-02-07 17:09:36.902  INFO 19436 --- [main] org.apache.catalina.core.StandardEngine  : Starting Servlet engine: [Apache Tomcat/9.0.30]
2020-02-07 17:09:37.004  INFO 19436 --- [main] o.a.c.c.C.[Tomcat].[localhost].[/]       : Initializing Spring embedded WebApplicationContext
2020-02-07 17:09:37.004  INFO 19436 --- [main] o.s.web.context.ContextLoader            : Root WebApplicationContext: initialization completed in 1307 ms
2020-02-07 17:09:37.176  INFO 19436 --- [main] o.s.s.concurrent.ThreadPoolTaskExecutor  : Initializing ExecutorService 'applicationTaskExecutor'
2020-02-07 17:09:37.337  INFO 19436 --- [main] o.s.b.w.embedded.tomcat.TomcatWebServer  : Tomcat started on port(s): 8080 (http) with context path ''
2020-02-07 17:09:37.341  INFO 19436 --- [main] com.daza.code.elk.ElkApplication         : Started ElkApplication in 2.436 seconds (JVM running for 3.892)
2020-02-07 17:09:51.069  INFO 19436 --- [http-nio-8080-exec-1] o.a.c.c.C.[Tomcat].[localhost].[/]       : Initializing Spring DispatcherServlet 'dispatcherServlet'
2020-02-07 17:09:51.069  INFO 19436 --- [http-nio-8080-exec-1] o.s.web.servlet.DispatcherServlet        : Initializing Servlet 'dispatcherServlet'
2020-02-07 17:09:51.077  INFO 19436 --- [http-nio-8080-exec-1] o.s.web.servlet.DispatcherServlet        : Completed initialization in 7 ms
2020-02-07 17:09:51.137  INFO 19436 --- [http-nio-8080-exec-2] c.d.code.elk.controllers.TestController  : /elkdemo - &gt; Hello user ! Fri Feb 07 17:09:51 COT 2020
2020-02-07 17:09:51.160  INFO 19436 --- [http-nio-8080-exec-1] c.d.code.elk.controllers.TestController  : /elk - &gt; Hello user ! Fri Feb 07 17:09:51 COT 2020
2020-02-07 17:34:25.641  INFO 18300 --- [main] com.daza.code.elk.ElkApplication         : Starting ElkApplication on EN2010088 with PID 18300 (started by Luis.Daza in C:\General\My things\Programming courses\MyTests)
2020-02-07 17:34:25.646  INFO 18300 --- [main] com.daza.code.elk.ElkApplication         : No active profile set, falling back to default profiles: default
2020-02-07 17:34:26.564  INFO 18300 --- [main] o.s.b.w.embedded.tomcat.TomcatWebServer  : Tomcat initialized with port(s): 8080 (http)
2020-02-07 17:34:26.573  INFO 18300 --- [main] o.apache.catalina.core.StandardService   : Starting service [Tomcat]
2020-02-07 17:34:26.574  INFO 18300 --- [main] org.apache.catalina.core.StandardEngine  : Starting Servlet engine: [Apache Tomcat/9.0.30]
2020-02-07 17:34:26.656  INFO 18300 --- [main] o.a.c.c.C.[Tomcat].[localhost].[/]       : Initializing Spring embedded WebApplicationContext
2020-02-07 17:34:26.656  INFO 18300 --- [main] o.s.web.context.ContextLoader            : Root WebApplicationContext: initialization completed in 939 ms
2020-02-07 17:34:26.823  INFO 18300 --- [main] o.s.s.concurrent.ThreadPoolTaskExecutor  : Initializing ExecutorService 'applicationTaskExecutor'
2020-02-07 17:34:26.995  INFO 18300 --- [main] o.s.b.w.embedded.tomcat.TomcatWebServer  : Tomcat started on port(s): 8080 (http) with context path ''
2020-02-07 17:34:26.998  INFO 18300 --- [main] com.daza.code.elk.ElkApplication         : Started ElkApplication in 2.044 seconds (JVM running for 3.946)
2020-02-07 17:34:33.329  INFO 18300 --- [http-nio-8080-exec-1] o.a.c.c.C.[Tomcat].[localhost].[/]       : Initializing Spring DispatcherServlet 'dispatcherServlet'
2020-02-07 17:34:33.330  INFO 18300 --- [http-nio-8080-exec-1] o.s.web.servlet.DispatcherServlet        : Initializing Servlet 'dispatcherServlet'
2020-02-07 17:34:33.337  INFO 18300 --- [http-nio-8080-exec-1] o.s.web.servlet.DispatcherServlet        : Completed initialization in 7 ms
2020-02-07 17:34:33.394  INFO 18300 --- [http-nio-8080-exec-2] c.d.code.elk.controllers.TestController  : /elkdemo - &gt; Hello user ! Fri Feb 07 17:34:33 COT 2020
2020-02-07 17:34:33.417  INFO 18300 --- [http-nio-8080-exec-1] c.d.code.elk.controllers.TestController  : /elk - &gt; Hello user ! Fri Feb 07 17:34:33 COT 2020
